{
  "RSpec": {
    "coverage": {
      "/home/rails/split_wise/spec/controllers/debts_controller_spec.rb": {
        "lines": [
          1,
          null,
          1,
          3,
          3,
          3,
          3,
          null,
          1,
          2,
          null,
          null,
          1,
          1,
          1,
          1,
          1,
          1,
          null,
          null,
          1,
          1,
          1,
          1,
          null,
          null,
          null
        ]
      },
      "/home/rails/split_wise/spec/rails_helper.rb": {
        "lines": [
          null,
          1,
          1,
          1,
          null,
          1,
          1,
          null,
          1,
          null,
          null,
          null,
          null,
          null,
          null,
          null,
          null,
          null,
          null,
          null,
          null,
          null,
          null,
          null,
          null,
          null,
          null,
          null,
          1,
          null,
          0,
          null,
          1,
          null,
          1,
          null,
          null,
          null,
          null,
          null,
          null,
          1,
          null,
          null,
          null,
          null,
          null,
          null,
          null,
          null,
          null,
          null,
          null,
          null,
          null,
          null,
          null,
          null,
          null,
          1,
          null,
          null,
          1,
          null,
          null,
          null,
          1,
          1,
          null,
          null,
          1,
          1,
          1,
          1,
          null,
          null
        ]
      },
      "/home/rails/split_wise/config/environment.rb": {
        "lines": [
          null,
          1,
          null,
          null,
          1
        ]
      },
      "/home/rails/split_wise/config/application.rb": {
        "lines": [
          1,
          null,
          1,
          null,
          null,
          null,
          1,
          null,
          null,
          null,
          1,
          1,
          null,
          1,
          null,
          null,
          null,
          null,
          1,
          null,
          null,
          null,
          null,
          null,
          null,
          null,
          null,
          null,
          null
        ]
      },
      "/home/rails/split_wise/config/boot.rb": {
        "lines": [
          1,
          null,
          1,
          1
        ]
      },
      "/home/rails/split_wise/config/environments/test.rb": {
        "lines": [
          1,
          null,
          null,
          null,
          null,
          null,
          null,
          1,
          null,
          null,
          null,
          1,
          null,
          null,
          null,
          null,
          null,
          1,
          null,
          null,
          1,
          1,
          null,
          null,
          null,
          null,
          1,
          1,
          1,
          null,
          null,
          1,
          null,
          null,
          1,
          null,
          null,
          1,
          null,
          1,
          null,
          null,
          null,
          null,
          1,
          null,
          null,
          1,
          null,
          null,
          1,
          null,
          null,
          1,
          null,
          null,
          null,
          null,
          null,
          null,
          null,
          null,
          1,
          null
        ]
      },
      "/home/rails/split_wise/config/initializers/assets.rb": {
        "lines": [
          null,
          null,
          null,
          1,
          null,
          null,
          null,
          null,
          null,
          null,
          null,
          null,
          1
        ]
      },
      "/home/rails/split_wise/config/initializers/content_security_policy.rb": {
        "lines": [
          null,
          null,
          null,
          null,
          null,
          null,
          null,
          null,
          null,
          null,
          null,
          null,
          null,
          null,
          null,
          null,
          null,
          null,
          null,
          null,
          null,
          null,
          null,
          null,
          null
        ]
      },
      "/home/rails/split_wise/config/initializers/devise.rb": {
        "lines": [
          null,
          null,
          null,
          null,
          null,
          null,
          null,
          null,
          null,
          null,
          1,
          null,
          null,
          null,
          null,
          null,
          null,
          null,
          null,
          null,
          null,
          null,
          null,
          null,
          null,
          null,
          1,
          null,
          null,
          null,
          null,
          null,
          null,
          null,
          null,
          null,
          null,
          null,
          1,
          null,
          null,
          null,
          null,
          null,
          null,
          null,
          null,
          null,
          null,
          null,
          null,
          null,
          null,
          null,
          null,
          null,
          null,
          null,
          null,
          null,
          1,
          null,
          null,
          null,
          null,
          1,
          null,
          null,
          null,
          null,
          null,
          null,
          null,
          null,
          null,
          null,
          null,
          null,
          null,
          null,
          null,
          null,
          null,
          null,
          null,
          null,
          null,
          null,
          null,
          null,
          null,
          null,
          null,
          null,
          null,
          null,
          null,
          null,
          null,
          1,
          null,
          null,
          null,
          null,
          null,
          null,
          null,
          null,
          null,
          null,
          null,
          null,
          null,
          null,
          null,
          null,
          null,
          null,
          null,
          null,
          null,
          null,
          null,
          null,
          null,
          1,
          null,
          null,
          null,
          null,
          null,
          null,
          null,
          null,
          null,
          null,
          null,
          null,
          null,
          null,
          null,
          null,
          null,
          null,
          null,
          null,
          null,
          null,
          null,
          null,
          null,
          null,
          null,
          null,
          null,
          null,
          null,
          null,
          null,
          1,
          null,
          null,
          null,
          null,
          null,
          null,
          null,
          null,
          null,
          1,
          null,
          null,
          null,
          null,
          null,
          null,
          null,
          null,
          null,
          null,
          1,
          null,
          null,
          null,
          null,
          1,
          null,
          null,
          null,
          null,
          null,
          null,
          null,
          null,
          null,
          null,
          null,
          null,
          null,
          null,
          null,
          null,
          null,
          null,
          null,
          null,
          null,
          null,
          null,
          null,
          null,
          null,
          null,
          null,
          null,
          null,
          null,
          null,
          null,
          null,
          null,
          null,
          null,
          null,
          null,
          null,
          1,
          null,
          null,
          null,
          null,
          null,
          null,
          null,
          null,
          null,
          null,
          null,
          null,
          null,
          null,
          null,
          null,
          null,
          null,
          null,
          null,
          null,
          null,
          null,
          null,
          null,
          null,
          null,
          null,
          null,
          null,
          null,
          null,
          null,
          null,
          null,
          null,
          null,
          null,
          null,
          null,
          null,
          1,
          null,
          null,
          null,
          null,
          null,
          null,
          null,
          null,
          null,
          null,
          null,
          null,
          null,
          null,
          null,
          null,
          null,
          null,
          null,
          null,
          null,
          null,
          null,
          null,
          null,
          null,
          null,
          null,
          null,
          null,
          null,
          null,
          null,
          null,
          null,
          1,
          1,
          null,
          null,
          null,
          null,
          null,
          null,
          null
        ]
      },
      "/home/rails/split_wise/config/initializers/filter_parameter_logging.rb": {
        "lines": [
          null,
          null,
          null,
          null,
          null,
          1,
          null,
          null
        ]
      },
      "/home/rails/split_wise/config/initializers/inflections.rb": {
        "lines": [
          null,
          null,
          null,
          null,
          null,
          null,
          null,
          null,
          null,
          null,
          null,
          null,
          null,
          null,
          null,
          null
        ]
      },
      "/home/rails/split_wise/config/initializers/permissions_policy.rb": {
        "lines": [
          null,
          null,
          null,
          null,
          null,
          null,
          null,
          null,
          null,
          null,
          null,
          null,
          null
        ]
      },
      "/home/rails/split_wise/spec/factories/debts.rb": {
        "lines": [
          1,
          1,
          10,
          10,
          1,
          1,
          1,
          1,
          null,
          null
        ]
      },
      "/home/rails/split_wise/spec/factories/expenses.rb": {
        "lines": [
          1,
          1,
          34,
          33,
          1,
          1,
          null,
          null
        ]
      },
      "/home/rails/split_wise/spec/factories/group_memberships.rb": {
        "lines": [
          1,
          1,
          1,
          1,
          null,
          null
        ]
      },
      "/home/rails/split_wise/spec/factories/groups.rb": {
        "lines": [
          1,
          1,
          65,
          null,
          null
        ]
      },
      "/home/rails/split_wise/spec/factories/users.rb": {
        "lines": [
          1,
          1,
          60,
          60,
          null,
          null
        ]
      },
      "/home/rails/split_wise/config/routes.rb": {
        "lines": [
          1,
          1,
          null,
          1,
          null,
          1,
          1,
          null,
          null,
          1,
          1,
          1,
          null,
          null,
          1,
          null,
          1,
          1,
          1,
          null,
          null,
          null,
          1,
          null,
          null
        ]
      },
      "/home/rails/split_wise/app/models/user.rb": {
        "lines": [
          1,
          null,
          null,
          1,
          null,
          null,
          1,
          1,
          null,
          1,
          1,
          null,
          1,
          null,
          1,
          1,
          null,
          1,
          6,
          null,
          null,
          1,
          6,
          null,
          null
        ]
      },
      "/home/rails/split_wise/app/models/application_record.rb": {
        "lines": [
          1,
          1,
          null
        ]
      },
      "/home/rails/split_wise/app/helpers/application_helper.rb": {
        "lines": [
          1,
          null
        ]
      },
      "/home/rails/split_wise/app/helpers/debts_helper.rb": {
        "lines": [
          1,
          null
        ]
      },
      "/home/rails/split_wise/app/helpers/expenses_helper.rb": {
        "lines": [
          1,
          null
        ]
      },
      "/home/rails/split_wise/app/helpers/group_memberships_helper.rb": {
        "lines": [
          1,
          null
        ]
      },
      "/home/rails/split_wise/app/helpers/groups_helper.rb": {
        "lines": [
          1,
          null
        ]
      },
      "/home/rails/split_wise/app/helpers/home_helper.rb": {
        "lines": [
          1,
          null
        ]
      },
      "/home/rails/split_wise/app/helpers/users_helper.rb": {
        "lines": [
          1,
          null
        ]
      },
      "/home/rails/split_wise/app/controllers/debts_controller.rb": {
        "lines": [
          1,
          1,
          null,
          1,
          2,
          2,
          null,
          null,
          1,
          null,
          1,
          2,
          null,
          null
        ]
      },
      "/home/rails/split_wise/app/controllers/application_controller.rb": {
        "lines": [
          1,
          1,
          null
        ]
      },
      "/home/rails/split_wise/spec/controllers/expenses_controller_spec.rb": {
        "lines": [
          1,
          null,
          1,
          15,
          15,
          15,
          null,
          1,
          14,
          null,
          null,
          1,
          14,
          null,
          null,
          1,
          1,
          1,
          1,
          null,
          null,
          1,
          1,
          1,
          null,
          null,
          null,
          1,
          1,
          1,
          1,
          null,
          null,
          null,
          1,
          1,
          1,
          1,
          null,
          null,
          1,
          1,
          1,
          null,
          null,
          null,
          1,
          1,
          1,
          1,
          1,
          null,
          null,
          null,
          1,
          1,
          1,
          null,
          null,
          null,
          1,
          1,
          1,
          1,
          null,
          null,
          null,
          null,
          1,
          1,
          1,
          1,
          null,
          null,
          null,
          1,
          1,
          1,
          2,
          null,
          null,
          1,
          1,
          1,
          1,
          null,
          null,
          1,
          1,
          1,
          null,
          null,
          null,
          null,
          1,
          1,
          1,
          1,
          null,
          null,
          null,
          null,
          1,
          1,
          1,
          1,
          1,
          null,
          null,
          null,
          1,
          1,
          1,
          null,
          null,
          null
        ]
      },
      "/home/rails/split_wise/app/controllers/expenses_controller.rb": {
        "lines": [
          1,
          1,
          1,
          null,
          1,
          2,
          2,
          null,
          2,
          2,
          2,
          null,
          null,
          null,
          1,
          null,
          null,
          1,
          2,
          null,
          null,
          1,
          3,
          null,
          3,
          2,
          2,
          null,
          1,
          null,
          null,
          null,
          1,
          null,
          1,
          3,
          3,
          2,
          null,
          1,
          null,
          null,
          null,
          1,
          2,
          2,
          null,
          null,
          1,
          null,
          1,
          14,
          null,
          null,
          1,
          7,
          null,
          null,
          1,
          6,
          null,
          null,
          1,
          3,
          3,
          3,
          null,
          3,
          3,
          3,
          0,
          0,
          0,
          null,
          null,
          null,
          null,
          1,
          2,
          2,
          null,
          2,
          2,
          2,
          0,
          0,
          0,
          0,
          0,
          0,
          null,
          0,
          0,
          null,
          0,
          0,
          null,
          0,
          0,
          0,
          0,
          0,
          null,
          0,
          0,
          0,
          0,
          null,
          null,
          null,
          null,
          null
        ]
      },
      "/home/rails/split_wise/spec/controllers/group_memberships_controller_spec.rb": {
        "lines": [
          1,
          null,
          1,
          3,
          3,
          1,
          2,
          null,
          1,
          2,
          null,
          null,
          1,
          1,
          1,
          1,
          null,
          null,
          null,
          1,
          1,
          1,
          null,
          null,
          null
        ]
      },
      "/home/rails/split_wise/app/controllers/group_memberships_controller.rb": {
        "lines": [
          1,
          1,
          1,
          2,
          2,
          2,
          null,
          null,
          1,
          1,
          2,
          null,
          null
        ]
      },
      "/home/rails/split_wise/spec/controllers/groups_controller_spec.rb": {
        "lines": [
          1,
          null,
          1,
          15,
          15,
          1,
          14,
          null,
          1,
          14,
          null,
          null,
          1,
          1,
          1,
          1,
          null,
          null,
          1,
          1,
          1,
          1,
          null,
          null,
          null,
          1,
          1,
          1,
          1,
          null,
          null,
          null,
          1,
          1,
          1,
          1,
          null,
          null,
          1,
          1,
          1,
          null,
          null,
          null,
          1,
          1,
          1,
          1,
          1,
          null,
          null,
          null,
          1,
          1,
          1,
          null,
          null,
          null,
          1,
          1,
          1,
          1,
          null,
          null,
          null,
          null,
          1,
          1,
          1,
          1,
          null,
          null,
          null,
          1,
          1,
          1,
          2,
          null,
          null,
          1,
          1,
          1,
          1,
          null,
          null,
          1,
          1,
          1,
          null,
          null,
          null,
          1,
          1,
          1,
          1,
          null,
          null,
          null,
          null,
          1,
          1,
          1,
          1,
          1,
          null,
          null,
          null,
          1,
          1,
          1,
          null,
          null,
          null
        ]
      },
      "/home/rails/split_wise/app/controllers/groups_controller.rb": {
        "lines": [
          1,
          1,
          null,
          1,
          2,
          null,
          null,
          1,
          null,
          null,
          1,
          2,
          2,
          2,
          2,
          null,
          null,
          null,
          1,
          3,
          3,
          2,
          null,
          1,
          null,
          null,
          null,
          1,
          1,
          null,
          null,
          1,
          3,
          2,
          null,
          1,
          null,
          null,
          null,
          1,
          2,
          2,
          null,
          null,
          1,
          null,
          1,
          7,
          null,
          null,
          1,
          null,
          6,
          null,
          null
        ]
      },
      "/home/rails/split_wise/spec/controllers/home_controller_spec.rb": {
        "lines": [
          1,
          null,
          1,
          1,
          null,
          null
        ]
      },
      "/home/rails/split_wise/app/controllers/home_controller.rb": {
        "lines": [
          1,
          1,
          null,
          null
        ]
      },
      "/home/rails/split_wise/spec/controllers/users_controller_spec.rb": {
        "lines": [
          1,
          null,
          1,
          8,
          8,
          8,
          null,
          1,
          7,
          null,
          null,
          1,
          1,
          5,
          null,
          null,
          1,
          1,
          null,
          null,
          1,
          1,
          null,
          null,
          1,
          1,
          null,
          null,
          1,
          1,
          null,
          null,
          1,
          1,
          null,
          null,
          null,
          1,
          3,
          3,
          null,
          1,
          2,
          null,
          null,
          1,
          1,
          1,
          1,
          null,
          null,
          1,
          1,
          1,
          1,
          null,
          null,
          null
        ]
      },
      "/home/rails/split_wise/app/controllers/users_controller.rb": {
        "lines": [
          1,
          1,
          null,
          1,
          5,
          5,
          5,
          5,
          null,
          null,
          1,
          2,
          2,
          2,
          null,
          null,
          1,
          null,
          1,
          5,
          null,
          null
        ]
      },
      "/home/rails/split_wise/spec/helpers/group_memberships_helper_spec.rb": {
        "lines": [
          1,
          null,
          null,
          null,
          null,
          null,
          null,
          null,
          null,
          null,
          null,
          null,
          1,
          1,
          null
        ]
      },
      "/home/rails/split_wise/spec/mailers/invite_notification_mailer_spec.rb": {
        "lines": [
          1,
          null,
          1,
          1,
          3,
          3,
          3,
          null,
          1,
          1,
          1,
          1,
          null,
          null,
          1,
          1,
          null,
          null,
          null
        ]
      },
      "/home/rails/split_wise/app/mailers/invite_notification_mailer.rb": {
        "lines": [
          1,
          null,
          null,
          null,
          null,
          null,
          null,
          1,
          2,
          2,
          2,
          null,
          null
        ]
      },
      "/home/rails/split_wise/app/mailers/application_mailer.rb": {
        "lines": [
          1,
          1,
          1,
          null
        ]
      },
      "/home/rails/split_wise/spec/models/debt_spec.rb": {
        "lines": [
          1,
          null,
          1,
          2,
          2,
          2,
          2,
          null,
          2,
          2,
          2,
          2,
          2,
          null
        ]
      },
      "/home/rails/split_wise/app/models/debt.rb": {
        "lines": [
          1,
          1,
          1,
          1,
          1,
          null,
          null,
          1,
          1,
          1,
          1,
          null
        ]
      },
      "/home/rails/split_wise/spec/models/expense_spec.rb": {
        "lines": [
          1,
          null,
          1,
          2,
          2,
          2,
          null,
          2,
          2,
          2,
          2,
          2,
          2,
          null
        ]
      },
      "/home/rails/split_wise/app/models/expense.rb": {
        "lines": [
          1,
          1,
          1,
          null,
          1,
          null,
          1,
          1,
          1,
          1,
          null
        ]
      },
      "/home/rails/split_wise/spec/models/group_membership_spec.rb": {
        "lines": [
          1,
          null,
          1,
          2,
          2,
          null,
          2,
          null
        ]
      },
      "/home/rails/split_wise/app/models/group_membership.rb": {
        "lines": [
          1,
          1,
          1,
          null,
          1,
          null
        ]
      },
      "/home/rails/split_wise/spec/models/group_spec.rb": {
        "lines": [
          1,
          null,
          1,
          2,
          2,
          2,
          2,
          null,
          2,
          null,
          2,
          null
        ]
      },
      "/home/rails/split_wise/app/models/group.rb": {
        "lines": [
          1,
          1,
          1,
          null,
          1,
          null,
          1,
          1,
          null,
          1,
          null,
          1,
          0,
          0,
          0,
          0,
          0,
          0,
          0,
          null,
          null,
          null
        ]
      },
      "/home/rails/split_wise/spec/models/user_spec.rb": {
        "lines": [
          1,
          null,
          1,
          2,
          2,
          2,
          2,
          2,
          null,
          2,
          2,
          null,
          1,
          1,
          1,
          1,
          1,
          1,
          1,
          1,
          null,
          null,
          null,
          1,
          1,
          1,
          1,
          1,
          1,
          1,
          null,
          null,
          null
        ]
      },
      "/home/rails/split_wise/spec/requests/group_memberships_spec.rb": {
        "lines": [
          1,
          null,
          1,
          1,
          1,
          null,
          null
        ]
      }
    },
    "timestamp": 1722432353
  }
}
